2017-12-25 01:34:26,722 CRIT Supervisor running as root (no user in config file)
2017-12-25 01:34:26,723 WARN Included extra file "/etc/supervisor/conf.d/supervisord.conf" during parsing
2017-12-25 01:34:26,873 INFO RPC interface 'supervisor' initialized
2017-12-25 01:34:26,875 CRIT Server 'unix_http_server' running without any HTTP authentication checking
2017-12-25 01:34:26,875 INFO supervisord started with pid 1
2017-12-25 01:34:27,898 INFO spawned: 'varnishd' with pid 13
2017-12-25 01:34:27,925 INFO spawned: 'php-fpm' with pid 14
2017-12-25 01:34:27,956 INFO spawned: 'varnish-plugins-watcher' with pid 15
2017-12-25 01:34:27,972 INFO spawned: 'nginx' with pid 16
2017-12-25 01:34:28,004 INFO spawned: 'MailHog' with pid 17
2017-12-25 01:34:28,057 INFO spawned: 'mysql' with pid 18
2017-12-25 01:34:28,107 INFO spawned: 'varnish-themes-watcher' with pid 21
2017-12-25 01:34:29,072 INFO success: varnishd entered RUNNING state, process has stayed up for > than 1 seconds (startsecs)
2017-12-25 01:34:29,074 INFO success: php-fpm entered RUNNING state, process has stayed up for > than 1 seconds (startsecs)
2017-12-25 01:34:29,075 INFO success: varnish-plugins-watcher entered RUNNING state, process has stayed up for > than 1 seconds (startsecs)
2017-12-25 01:34:29,076 INFO success: nginx entered RUNNING state, process has stayed up for > than 1 seconds (startsecs)
2017-12-25 01:34:29,076 INFO success: MailHog entered RUNNING state, process has stayed up for > than 1 seconds (startsecs)
2017-12-25 01:34:29,077 INFO success: mysql entered RUNNING state, process has stayed up for > than 1 seconds (startsecs)
2017-12-25 01:34:29,077 INFO success: varnish-themes-watcher entered RUNNING state, process has stayed up for > than 1 seconds (startsecs)
2017-12-25 14:37:10,664 CRIT Supervisor running as root (no user in config file)
2017-12-25 14:37:10,664 WARN Included extra file "/etc/supervisor/conf.d/supervisord.conf" during parsing
2017-12-25 14:37:11,127 INFO RPC interface 'supervisor' initialized
2017-12-25 14:37:11,128 CRIT Server 'unix_http_server' running without any HTTP authentication checking
2017-12-25 14:37:11,129 INFO supervisord started with pid 1
2017-12-25 14:37:12,133 INFO spawned: 'varnishd' with pid 43
2017-12-25 14:37:12,141 INFO spawned: 'php-fpm' with pid 44
2017-12-25 14:37:12,145 INFO spawned: 'varnish-plugins-watcher' with pid 45
2017-12-25 14:37:12,241 INFO spawned: 'nginx' with pid 46
2017-12-25 14:37:12,246 INFO spawned: 'MailHog' with pid 47
2017-12-25 14:37:12,252 INFO spawned: 'mysql' with pid 48
2017-12-25 14:37:12,271 INFO spawned: 'varnish-themes-watcher' with pid 49
2017-12-25 14:37:13,229 INFO success: varnishd entered RUNNING state, process has stayed up for > than 1 seconds (startsecs)
2017-12-25 14:37:13,230 INFO success: php-fpm entered RUNNING state, process has stayed up for > than 1 seconds (startsecs)
2017-12-25 14:37:13,230 INFO success: varnish-plugins-watcher entered RUNNING state, process has stayed up for > than 1 seconds (startsecs)
2017-12-25 14:37:13,230 INFO success: nginx entered RUNNING state, process has stayed up for > than 1 seconds (startsecs)
2017-12-25 14:37:13,473 INFO success: MailHog entered RUNNING state, process has stayed up for > than 1 seconds (startsecs)
2017-12-25 14:37:13,483 INFO success: mysql entered RUNNING state, process has stayed up for > than 1 seconds (startsecs)
2017-12-25 14:37:13,484 INFO success: varnish-themes-watcher entered RUNNING state, process has stayed up for > than 1 seconds (startsecs)
2017-12-25 21:58:48,406 CRIT Supervisor running as root (no user in config file)
2017-12-25 21:58:48,420 WARN Included extra file "/etc/supervisor/conf.d/supervisord.conf" during parsing
2017-12-25 21:58:48,857 INFO RPC interface 'supervisor' initialized
2017-12-25 21:58:48,858 CRIT Server 'unix_http_server' running without any HTTP authentication checking
2017-12-25 21:58:48,858 INFO supervisord started with pid 1
2017-12-25 21:58:49,863 INFO spawned: 'varnishd' with pid 29
2017-12-25 21:58:49,868 INFO spawned: 'php-fpm' with pid 30
2017-12-25 21:58:49,873 INFO spawned: 'varnish-plugins-watcher' with pid 31
2017-12-25 21:58:49,893 INFO spawned: 'nginx' with pid 32
2017-12-25 21:58:49,899 INFO spawned: 'MailHog' with pid 33
2017-12-25 21:58:49,904 INFO spawned: 'mysql' with pid 34
2017-12-25 21:58:49,910 INFO spawned: 'varnish-themes-watcher' with pid 35
2017-12-25 21:58:51,239 INFO success: varnishd entered RUNNING state, process has stayed up for > than 1 seconds (startsecs)
2017-12-25 21:58:51,240 INFO success: php-fpm entered RUNNING state, process has stayed up for > than 1 seconds (startsecs)
2017-12-25 21:58:51,241 INFO success: varnish-plugins-watcher entered RUNNING state, process has stayed up for > than 1 seconds (startsecs)
2017-12-25 21:58:51,241 INFO success: nginx entered RUNNING state, process has stayed up for > than 1 seconds (startsecs)
2017-12-25 21:58:51,241 INFO success: MailHog entered RUNNING state, process has stayed up for > than 1 seconds (startsecs)
2017-12-25 21:58:51,242 INFO success: mysql entered RUNNING state, process has stayed up for > than 1 seconds (startsecs)
2017-12-25 21:58:51,242 INFO success: varnish-themes-watcher entered RUNNING state, process has stayed up for > than 1 seconds (startsecs)
2018-01-08 01:00:09,039 CRIT Supervisor running as root (no user in config file)
2018-01-08 01:00:09,040 WARN Included extra file "/etc/supervisor/conf.d/supervisord.conf" during parsing
2018-01-08 01:00:09,723 INFO RPC interface 'supervisor' initialized
2018-01-08 01:00:09,724 CRIT Server 'unix_http_server' running without any HTTP authentication checking
2018-01-08 01:00:09,724 INFO supervisord started with pid 1
2018-01-08 01:00:10,728 INFO spawned: 'varnishd' with pid 38
2018-01-08 01:00:10,821 INFO spawned: 'php-fpm' with pid 39
2018-01-08 01:00:10,825 INFO spawned: 'varnish-plugins-watcher' with pid 40
2018-01-08 01:00:10,844 INFO spawned: 'nginx' with pid 41
2018-01-08 01:00:10,849 INFO spawned: 'MailHog' with pid 42
2018-01-08 01:00:10,867 INFO spawned: 'mysql' with pid 43
2018-01-08 01:00:10,880 INFO spawned: 'varnish-themes-watcher' with pid 48
2018-01-08 01:00:11,910 INFO success: varnishd entered RUNNING state, process has stayed up for > than 1 seconds (startsecs)
2018-01-08 01:00:11,911 INFO success: php-fpm entered RUNNING state, process has stayed up for > than 1 seconds (startsecs)
2018-01-08 01:00:11,911 INFO success: varnish-plugins-watcher entered RUNNING state, process has stayed up for > than 1 seconds (startsecs)
2018-01-08 01:00:11,911 INFO success: nginx entered RUNNING state, process has stayed up for > than 1 seconds (startsecs)
2018-01-08 01:00:11,911 INFO success: MailHog entered RUNNING state, process has stayed up for > than 1 seconds (startsecs)
2018-01-08 01:00:11,911 INFO success: mysql entered RUNNING state, process has stayed up for > than 1 seconds (startsecs)
2018-01-08 01:00:11,911 INFO success: varnish-themes-watcher entered RUNNING state, process has stayed up for > than 1 seconds (startsecs)
2018-01-08 19:07:03,528 CRIT Supervisor running as root (no user in config file)
2018-01-08 19:07:03,579 WARN Included extra file "/etc/supervisor/conf.d/supervisord.conf" during parsing
2018-01-08 19:07:04,397 INFO RPC interface 'supervisor' initialized
2018-01-08 19:07:04,402 CRIT Server 'unix_http_server' running without any HTTP authentication checking
2018-01-08 19:07:04,405 INFO supervisord started with pid 1
2018-01-08 19:07:05,410 INFO spawned: 'varnishd' with pid 7
2018-01-08 19:07:05,603 INFO spawned: 'php-fpm' with pid 8
2018-01-08 19:07:05,607 INFO spawned: 'varnish-plugins-watcher' with pid 9
2018-01-08 19:07:05,678 INFO spawned: 'nginx' with pid 10
2018-01-08 19:07:05,686 INFO spawned: 'MailHog' with pid 11
2018-01-08 19:07:05,695 INFO spawned: 'mysql' with pid 12
2018-01-08 19:07:05,702 INFO spawned: 'varnish-themes-watcher' with pid 13
2018-01-08 19:07:06,708 INFO success: varnishd entered RUNNING state, process has stayed up for > than 1 seconds (startsecs)
2018-01-08 19:07:06,708 INFO success: php-fpm entered RUNNING state, process has stayed up for > than 1 seconds (startsecs)
2018-01-08 19:07:06,709 INFO success: varnish-plugins-watcher entered RUNNING state, process has stayed up for > than 1 seconds (startsecs)
2018-01-08 19:07:06,709 INFO success: nginx entered RUNNING state, process has stayed up for > than 1 seconds (startsecs)
2018-01-08 19:07:06,709 INFO success: MailHog entered RUNNING state, process has stayed up for > than 1 seconds (startsecs)
2018-01-08 19:07:06,709 INFO success: mysql entered RUNNING state, process has stayed up for > than 1 seconds (startsecs)
2018-01-08 19:07:06,709 INFO success: varnish-themes-watcher entered RUNNING state, process has stayed up for > than 1 seconds (startsecs)
