2017-12-25 01:34:29 28 [Warning] Using unique option prefix myisam-recover instead of myisam-recover-options is deprecated and will be removed in a future release. Please use the full name instead.
2017-12-25 01:34:29 28 [Note] Plugin 'FEDERATED' is disabled.
2017-12-25 01:34:29 28 [Note] InnoDB: Using atomics to ref count buffer pool pages
2017-12-25 01:34:29 28 [Note] InnoDB: The InnoDB memory heap is disabled
2017-12-25 01:34:29 28 [Note] InnoDB: Mutexes and rw_locks use GCC atomic builtins
2017-12-25 01:34:29 28 [Note] InnoDB: Memory barrier is not used
2017-12-25 01:34:29 28 [Note] InnoDB: Compressed tables use zlib 1.2.3
2017-12-25 01:34:29 28 [Note] InnoDB: Using Linux native AIO
2017-12-25 01:34:29 28 [Note] InnoDB: Using CPU crc32 instructions
2017-12-25 01:34:29 28 [Note] InnoDB: Initializing buffer pool, size = 32.0M
2017-12-25 01:34:29 28 [Note] InnoDB: Completed initialization of buffer pool
2017-12-25 01:34:30 28 [Note] InnoDB: Highest supported file format is Barracuda.
2017-12-25 01:34:30 28 [Note] InnoDB: The log sequence numbers 1625987 and 1625987 in ibdata files do not match the log sequence number 1625997 in the ib_logfiles!
2017-12-25 01:34:30 28 [Note] InnoDB: Database was not shutdown normally!
2017-12-25 01:34:30 28 [Note] InnoDB: Starting crash recovery.
2017-12-25 01:34:30 28 [Note] InnoDB: Reading tablespace information from the .ibd files...
2017-12-25 01:34:30 28 [Note] InnoDB: Restoring possible half-written data pages 
2017-12-25 01:34:30 28 [Note] InnoDB: from the doublewrite buffer...
2017-12-25 01:34:33 28 [Note] InnoDB: 128 rollback segment(s) are active.
2017-12-25 01:34:33 28 [Note] InnoDB: Waiting for purge to start
2017-12-25 01:34:33 28 [Note] InnoDB: 5.6.37 started; log sequence number 1625997
2017-12-25 01:34:33 28 [Note] Server hostname (bind-address): '*'; port: 3306
2017-12-25 01:34:33 28 [Note] IPv6 is available.
2017-12-25 01:34:33 28 [Note]   - '::' resolves to '::';
2017-12-25 01:34:33 28 [Note] Server socket created on IP: '::'.
2017-12-25 01:34:33 28 [ERROR] /usr/sbin/mysqld: Table './mysql/user' is marked as crashed and should be repaired
2017-12-25 01:34:33 28 [Warning] Checking table:   './mysql/user'
2017-12-25 01:34:33 28 [ERROR] 1 client is using or hasn't closed the table properly
2017-12-25 01:34:33 28 [Warning] 'user' entry 'root@e24d0b5cccc1' ignored in --skip-name-resolve mode.
2017-12-25 01:34:33 28 [Warning] 'user' entry '@e24d0b5cccc1' ignored in --skip-name-resolve mode.
2017-12-25 01:34:33 28 [Warning] 'proxies_priv' entry '@ root@e24d0b5cccc1' ignored in --skip-name-resolve mode.
2017-12-25 01:34:33 28 [Note] Event Scheduler: Loaded 0 events
2017-12-25 01:34:33 28 [Note] /usr/sbin/mysqld: ready for connections.
Version: '5.6.37'  socket: '/var/run/mysqld/mysqld.sock'  port: 3306  MySQL Community Server (GPL)
2017-12-25 14:37:13 59 [Warning] Using unique option prefix myisam-recover instead of myisam-recover-options is deprecated and will be removed in a future release. Please use the full name instead.
2017-12-25 14:37:13 59 [Note] Plugin 'FEDERATED' is disabled.
2017-12-25 14:37:13 59 [Note] InnoDB: Using atomics to ref count buffer pool pages
2017-12-25 14:37:13 59 [Note] InnoDB: The InnoDB memory heap is disabled
2017-12-25 14:37:13 59 [Note] InnoDB: Mutexes and rw_locks use GCC atomic builtins
2017-12-25 14:37:13 59 [Note] InnoDB: Memory barrier is not used
2017-12-25 14:37:13 59 [Note] InnoDB: Compressed tables use zlib 1.2.3
2017-12-25 14:37:13 59 [Note] InnoDB: Using Linux native AIO
2017-12-25 14:37:13 59 [Note] InnoDB: Using CPU crc32 instructions
2017-12-25 14:37:13 59 [Note] InnoDB: Initializing buffer pool, size = 32.0M
2017-12-25 14:37:13 59 [Note] InnoDB: Completed initialization of buffer pool
2017-12-25 14:37:13 59 [Note] InnoDB: Highest supported file format is Barracuda.
2017-12-25 14:37:13 59 [Note] InnoDB: The log sequence numbers 1625987 and 1625987 in ibdata files do not match the log sequence number 2490941 in the ib_logfiles!
2017-12-25 14:37:13 59 [Note] InnoDB: Database was not shutdown normally!
2017-12-25 14:37:13 59 [Note] InnoDB: Starting crash recovery.
2017-12-25 14:37:13 59 [Note] InnoDB: Reading tablespace information from the .ibd files...
2017-12-25 14:37:14 59 [Note] InnoDB: Restoring possible half-written data pages 
2017-12-25 14:37:14 59 [Note] InnoDB: from the doublewrite buffer...
2017-12-25 14:37:17 59 [Note] InnoDB: 128 rollback segment(s) are active.
2017-12-25 14:37:17 59 [Note] InnoDB: Waiting for purge to start
2017-12-25 14:37:17 59 [Note] InnoDB: 5.6.37 started; log sequence number 2490941
2017-12-25 14:37:17 59 [Note] Server hostname (bind-address): '*'; port: 3306
2017-12-25 14:37:17 59 [Note] IPv6 is available.
2017-12-25 14:37:17 59 [Note]   - '::' resolves to '::';
2017-12-25 14:37:17 59 [Note] Server socket created on IP: '::'.
2017-12-25 14:37:17 59 [Warning] 'user' entry 'root@e24d0b5cccc1' ignored in --skip-name-resolve mode.
2017-12-25 14:37:17 59 [Warning] 'user' entry '@e24d0b5cccc1' ignored in --skip-name-resolve mode.
2017-12-25 14:37:17 59 [Warning] 'proxies_priv' entry '@ root@e24d0b5cccc1' ignored in --skip-name-resolve mode.
2017-12-25 14:37:19 59 [Note] Event Scheduler: Loaded 0 events
2017-12-25 14:37:19 59 [Note] /usr/sbin/mysqld: ready for connections.
Version: '5.6.37'  socket: '/var/run/mysqld/mysqld.sock'  port: 3306  MySQL Community Server (GPL)
2017-12-25 21:58:51 36 [Warning] Using unique option prefix myisam-recover instead of myisam-recover-options is deprecated and will be removed in a future release. Please use the full name instead.
2017-12-25 21:58:51 36 [Note] Plugin 'FEDERATED' is disabled.
2017-12-25 21:58:51 36 [Note] InnoDB: Using atomics to ref count buffer pool pages
2017-12-25 21:58:51 36 [Note] InnoDB: The InnoDB memory heap is disabled
2017-12-25 21:58:51 36 [Note] InnoDB: Mutexes and rw_locks use GCC atomic builtins
2017-12-25 21:58:51 36 [Note] InnoDB: Memory barrier is not used
2017-12-25 21:58:51 36 [Note] InnoDB: Compressed tables use zlib 1.2.3
2017-12-25 21:58:51 36 [Note] InnoDB: Using Linux native AIO
2017-12-25 21:58:51 36 [Note] InnoDB: Using CPU crc32 instructions
2017-12-25 21:58:51 36 [Note] InnoDB: Initializing buffer pool, size = 32.0M
2017-12-25 21:58:51 36 [Note] InnoDB: Completed initialization of buffer pool
2017-12-25 21:58:51 36 [Note] InnoDB: Highest supported file format is Barracuda.
2017-12-25 21:58:52 36 [Note] InnoDB: The log sequence numbers 1625987 and 1625987 in ibdata files do not match the log sequence number 3572657 in the ib_logfiles!
2017-12-25 21:58:52 36 [Note] InnoDB: Database was not shutdown normally!
2017-12-25 21:58:52 36 [Note] InnoDB: Starting crash recovery.
2017-12-25 21:58:52 36 [Note] InnoDB: Reading tablespace information from the .ibd files...
2017-12-25 21:58:52 36 [Note] InnoDB: Restoring possible half-written data pages 
2017-12-25 21:58:52 36 [Note] InnoDB: from the doublewrite buffer...
2017-12-25 21:58:53 36 [Note] InnoDB: 128 rollback segment(s) are active.
2017-12-25 21:58:53 36 [Note] InnoDB: Waiting for purge to start
2017-12-25 21:58:53 36 [Note] InnoDB: 5.6.37 started; log sequence number 3572657
2017-12-25 21:58:53 36 [Note] Server hostname (bind-address): '*'; port: 3306
2017-12-25 21:58:53 36 [Note] IPv6 is available.
2017-12-25 21:58:53 36 [Note]   - '::' resolves to '::';
2017-12-25 21:58:53 36 [Note] Server socket created on IP: '::'.
2017-12-25 21:58:53 36 [Warning] 'user' entry 'root@e24d0b5cccc1' ignored in --skip-name-resolve mode.
2017-12-25 21:58:53 36 [Warning] 'user' entry '@e24d0b5cccc1' ignored in --skip-name-resolve mode.
2017-12-25 21:58:53 36 [Warning] 'proxies_priv' entry '@ root@e24d0b5cccc1' ignored in --skip-name-resolve mode.
2017-12-25 21:58:53 36 [Note] Event Scheduler: Loaded 0 events
2017-12-25 21:58:53 36 [Note] /usr/sbin/mysqld: ready for connections.
Version: '5.6.37'  socket: '/var/run/mysqld/mysqld.sock'  port: 3306  MySQL Community Server (GPL)
2018-01-08 01:00:14 61 [Warning] Using unique option prefix myisam-recover instead of myisam-recover-options is deprecated and will be removed in a future release. Please use the full name instead.
2018-01-08 01:00:14 61 [Note] Plugin 'FEDERATED' is disabled.
2018-01-08 01:00:14 61 [Note] InnoDB: Using atomics to ref count buffer pool pages
2018-01-08 01:00:14 61 [Note] InnoDB: The InnoDB memory heap is disabled
2018-01-08 01:00:14 61 [Note] InnoDB: Mutexes and rw_locks use GCC atomic builtins
2018-01-08 01:00:14 61 [Note] InnoDB: Memory barrier is not used
2018-01-08 01:00:14 61 [Note] InnoDB: Compressed tables use zlib 1.2.3
2018-01-08 01:00:14 61 [Note] InnoDB: Using Linux native AIO
2018-01-08 01:00:14 61 [Note] InnoDB: Using CPU crc32 instructions
2018-01-08 01:00:14 61 [Note] InnoDB: Initializing buffer pool, size = 32.0M
2018-01-08 01:00:14 61 [Note] InnoDB: Completed initialization of buffer pool
2018-01-08 01:00:15 61 [Note] InnoDB: Highest supported file format is Barracuda.
2018-01-08 01:00:15 61 [Note] InnoDB: The log sequence numbers 1625987 and 1625987 in ibdata files do not match the log sequence number 4242010 in the ib_logfiles!
2018-01-08 01:00:15 61 [Note] InnoDB: Database was not shutdown normally!
2018-01-08 01:00:15 61 [Note] InnoDB: Starting crash recovery.
2018-01-08 01:00:15 61 [Note] InnoDB: Reading tablespace information from the .ibd files...
2018-01-08 01:00:15 61 [Note] InnoDB: Restoring possible half-written data pages 
2018-01-08 01:00:15 61 [Note] InnoDB: from the doublewrite buffer...
2018-01-08 01:00:17 61 [Note] InnoDB: 128 rollback segment(s) are active.
2018-01-08 01:00:17 61 [Note] InnoDB: Waiting for purge to start
2018-01-08 01:00:17 61 [Note] InnoDB: 5.6.37 started; log sequence number 4242010
2018-01-08 01:00:17 61 [Note] Server hostname (bind-address): '*'; port: 3306
2018-01-08 01:00:17 61 [Note] IPv6 is available.
2018-01-08 01:00:17 61 [Note]   - '::' resolves to '::';
2018-01-08 01:00:17 61 [Note] Server socket created on IP: '::'.
2018-01-08 01:00:17 61 [Warning] 'user' entry 'root@e24d0b5cccc1' ignored in --skip-name-resolve mode.
2018-01-08 01:00:17 61 [Warning] 'user' entry '@e24d0b5cccc1' ignored in --skip-name-resolve mode.
2018-01-08 01:00:17 61 [Warning] 'proxies_priv' entry '@ root@e24d0b5cccc1' ignored in --skip-name-resolve mode.
2018-01-08 01:00:17 61 [Note] Event Scheduler: Loaded 0 events
2018-01-08 01:00:17 61 [Note] /usr/sbin/mysqld: ready for connections.
Version: '5.6.37'  socket: '/var/run/mysqld/mysqld.sock'  port: 3306  MySQL Community Server (GPL)
2018-01-08 19:07:14 14 [Warning] Using unique option prefix myisam-recover instead of myisam-recover-options is deprecated and will be removed in a future release. Please use the full name instead.
2018-01-08 19:07:14 14 [Note] Plugin 'FEDERATED' is disabled.
2018-01-08 19:07:14 14 [Note] InnoDB: Using atomics to ref count buffer pool pages
2018-01-08 19:07:14 14 [Note] InnoDB: The InnoDB memory heap is disabled
2018-01-08 19:07:14 14 [Note] InnoDB: Mutexes and rw_locks use GCC atomic builtins
2018-01-08 19:07:14 14 [Note] InnoDB: Memory barrier is not used
2018-01-08 19:07:14 14 [Note] InnoDB: Compressed tables use zlib 1.2.3
2018-01-08 19:07:14 14 [Note] InnoDB: Using Linux native AIO
2018-01-08 19:07:15 14 [Note] InnoDB: Using CPU crc32 instructions
2018-01-08 19:07:15 14 [Note] InnoDB: Initializing buffer pool, size = 32.0M
2018-01-08 19:07:15 14 [Note] InnoDB: Completed initialization of buffer pool
2018-01-08 19:07:16 14 [Note] InnoDB: Highest supported file format is Barracuda.
2018-01-08 19:07:17 14 [Note] InnoDB: The log sequence numbers 1625987 and 1625987 in ibdata files do not match the log sequence number 4863193 in the ib_logfiles!
2018-01-08 19:07:17 14 [Note] InnoDB: Database was not shutdown normally!
2018-01-08 19:07:17 14 [Note] InnoDB: Starting crash recovery.
2018-01-08 19:07:17 14 [Note] InnoDB: Reading tablespace information from the .ibd files...
2018-01-08 19:07:19 14 [Note] InnoDB: Restoring possible half-written data pages 
2018-01-08 19:07:19 14 [Note] InnoDB: from the doublewrite buffer...
2018-01-08 19:07:22 14 [Note] InnoDB: 128 rollback segment(s) are active.
2018-01-08 19:07:23 14 [Note] InnoDB: Waiting for purge to start
2018-01-08 19:07:23 14 [Note] InnoDB: 5.6.37 started; log sequence number 4863193
2018-01-08 19:07:23 14 [Note] Server hostname (bind-address): '*'; port: 3306
2018-01-08 19:07:23 14 [Note] IPv6 is available.
2018-01-08 19:07:23 14 [Note]   - '::' resolves to '::';
2018-01-08 19:07:23 14 [Note] Server socket created on IP: '::'.
2018-01-08 19:07:25 14 [Warning] 'user' entry 'root@e24d0b5cccc1' ignored in --skip-name-resolve mode.
2018-01-08 19:07:25 14 [Warning] 'user' entry '@e24d0b5cccc1' ignored in --skip-name-resolve mode.
2018-01-08 19:07:25 14 [Warning] 'proxies_priv' entry '@ root@e24d0b5cccc1' ignored in --skip-name-resolve mode.
2018-01-08 19:07:26 14 [Note] Event Scheduler: Loaded 0 events
2018-01-08 19:07:26 14 [Note] /usr/sbin/mysqld: ready for connections.
Version: '5.6.37'  socket: '/var/run/mysqld/mysqld.sock'  port: 3306  MySQL Community Server (GPL)
